{"level":"info","message":"GET / - 200","timestamp":"2025-02-01T09:04:21.740Z"}
{"level":"info","message":"GET /favicon.ico - 200","timestamp":"2025-02-01T09:04:22.648Z"}
{"level":"info","message":"POST /branch/create-branch - 200","timestamp":"2025-02-01T09:04:39.000Z"}
{"level":"info","message":"POST /branch/create-branch - 200","timestamp":"2025-02-01T09:07:43.505Z"}
{"level":"info","message":"POST /branch/create-branch - 200","timestamp":"2025-02-01T09:10:15.178Z"}
{"level":"info","message":"POST /branch/create-branch - 200","timestamp":"2025-02-01T09:10:46.677Z"}
{"level":"info","message":"POST /branch/create-branch - 200","timestamp":"2025-02-01T09:11:12.312Z"}
{"level":"info","message":"POST /branch/create-branch - 200","timestamp":"2025-02-01T09:12:05.491Z"}
{"level":"info","message":"POST /branch/create-branch - 200","timestamp":"2025-02-01T09:12:15.540Z"}
{"level":"info","message":"POST /branch/create-branch - 200","timestamp":"2025-02-01T09:13:09.476Z"}
{"level":"info","message":"POST /branch/create-branch - 200","timestamp":"2025-02-01T09:13:54.707Z"}
{"level":"info","message":"POST /branch/create-branch - 200","timestamp":"2025-02-01T09:14:02.291Z"}
{"level":"info","message":"POST /branch/create-branch - 200","timestamp":"2025-02-01T09:14:35.395Z"}
{"level":"info","message":"POST /branch/create-branch - 200","timestamp":"2025-02-01T09:14:53.961Z"}
{"level":"info","message":"POST /branch/create-branch - 200","timestamp":"2025-02-01T09:18:07.470Z"}
{"level":"info","message":"POST /branch/create-branch - 200","timestamp":"2025-02-01T09:18:11.291Z"}
{"level":"info","message":"POST /branch/create-branch - 200","timestamp":"2025-02-01T09:18:20.260Z"}
{"level":"info","message":"POST /branch/create-branch - 200","timestamp":"2025-02-01T09:18:31.680Z"}
{"level":"info","message":"POST /branch/create-branch - 200","timestamp":"2025-02-01T09:29:17.416Z"}
{"level":"info","message":"GET /branch/read-branch - 200","timestamp":"2025-02-01T09:29:22.253Z"}
{"level":"info","message":"GET /branch/read-branch - 200","timestamp":"2025-02-01T09:35:19.738Z"}
{"level":"info","message":"PATCH /branch/update-branch/679de6cf9f0854bed2b57291 - 200","timestamp":"2025-02-01T09:36:40.683Z"}
{"level":"info","message":"PATCH /branch/update-branch/679de6cf9f0854bed2b57291 - 200","timestamp":"2025-02-01T09:36:52.067Z"}
{"level":"info","message":"PATCH /branch/update-branch/679de6cf9f0854bed2b57291 - 200","timestamp":"2025-02-01T09:37:29.216Z"}
{"level":"info","message":"PATCH /branch/update-branch/679de6cf9f0854bed2b57291 - 200","timestamp":"2025-02-01T09:37:43.097Z"}
{"level":"info","message":"PATCH /branch/update-branch/679de6cf9f0854bed2b57291 - 200","timestamp":"2025-02-01T09:37:49.200Z"}
{"level":"info","message":"PATCH /branch/update-branch/679de6cf9f0854bed2b57291 - 200","timestamp":"2025-02-01T09:37:58.235Z"}
{"level":"info","message":"PATCH /branch/update-branch/679de6cf9f0854bed2b57291 - 200","timestamp":"2025-02-01T09:38:06.861Z"}
{"level":"info","message":"PATCH /branch/update-branch/679de6cf9f0854bed2b57291 - 200","timestamp":"2025-02-01T09:38:12.832Z"}
{"level":"info","message":"PATCH /branch/update-branch/679de6cf9f0854bed2b57291 - 200","timestamp":"2025-02-01T09:38:21.065Z"}
{"level":"info","message":"GET /branch/read-branch - 200","timestamp":"2025-02-01T09:38:34.783Z"}
{"level":"info","message":"DELETE /branch/delete-branch/679de6cf9f0854bed2b57291 - 200","timestamp":"2025-02-01T09:43:28.769Z"}
{"level":"info","message":"DELETE /branch/delete-branch/679de6cf9f0854bed2b57291 - 200","timestamp":"2025-02-01T09:45:27.191Z"}
{"level":"info","message":"DELETE /branch/delete-branch/679de6cf9f0854bed2b57291 - 200","timestamp":"2025-02-01T09:46:54.621Z"}
{"level":"info","message":"GET /branch/read-branch - 200","timestamp":"2025-02-01T09:47:02.029Z"}
{"level":"info","message":"GET /branch/single-branch/679de6e79f0854bed2b5729a - 200","timestamp":"2025-02-01T09:52:33.793Z"}
