{"level":"info","message":"GET /auth/get-user/6794a7d9cd86cf6efe6b5d0f - 200","timestamp":"2025-02-05T05:21:59.641Z"}
{"level":"info","message":"POST /auth/login - 200","timestamp":"2025-02-05T05:22:07.726Z"}
{"level":"info","message":"GET /auth/get-all-admin - 200","timestamp":"2025-02-05T05:22:26.226Z"}
{"level":"info","message":"GET /cabinetry/read-cabinetry?Id=sdnfewhdmvje - 200","timestamp":"2025-02-05T09:47:08.400Z"}
{"level":"info","message":"GET /cabinetry/read-cabinetry-without-login/sdnfewhdmvje - 200","timestamp":"2025-02-05T10:00:41.229Z"}
{"level":"info","message":"GET /cabinetry/read-cabinetry-without-login/sdnfewhdmvje - 200","timestamp":"2025-02-05T10:01:35.638Z"}
{"level":"info","message":"GET /cabinetry/read-cabinetry-without-login/sdnfewhdmvje - 200","timestamp":"2025-02-05T10:02:36.231Z"}
{"level":"info","message":"GET /cabinetry/read-cabinetry - 200","timestamp":"2025-02-05T10:02:59.855Z"}
{"level":"info","message":"GET /cabinetry/read-cabinetry - 200","timestamp":"2025-02-05T10:03:38.532Z"}
{"level":"info","message":"GET /cabinetry/read-cabinetry - 200","timestamp":"2025-02-05T10:04:11.354Z"}
{"level":"info","message":"GET /cabinetry/read-cabinetry - 200","timestamp":"2025-02-05T10:04:30.138Z"}
{"level":"info","message":"GET /cabinetry/read-cabinetry-without-login/679f5f63dfb98847af97945b - 200","timestamp":"2025-02-05T10:05:51.046Z"}
{"level":"info","message":"GET /cabinetry/read-cabinetry-without-login/679f5f63dfb98847af97945b - 200","timestamp":"2025-02-05T10:08:18.279Z"}
{"level":"info","message":"GET /parts/read-parts-without-login - 200","timestamp":"2025-02-05T10:17:01.360Z"}
{"level":"info","message":"GET /parts/read-parts-without-login - 200","timestamp":"2025-02-05T10:54:44.266Z"}
{"level":"info","message":"GET /parts/read-parts - 200","timestamp":"2025-02-05T11:08:19.152Z"}
{"level":"info","message":"GET /parts/read-parts - 200","timestamp":"2025-02-05T11:08:44.315Z"}
{"level":"info","message":"GET /parts/read-parts - 200","timestamp":"2025-02-05T11:09:08.644Z"}
{"level":"info","message":"GET /parts/read-parts-without-login - 200","timestamp":"2025-02-05T11:09:29.803Z"}
{"level":"info","message":"GET /parts/read-parts-without-login - 200","timestamp":"2025-02-05T11:10:15.603Z"}
{"level":"info","message":"POST /parts/create-parts/679f7aeeecf677e339f0fd3f - 200","timestamp":"2025-02-05T11:10:31.027Z"}
{"level":"info","message":"POST /parts/create-parts/679f7aeeecf677e339f0fd3f - 200","timestamp":"2025-02-05T11:10:51.453Z"}
{"level":"info","message":"POST /parts/create-parts/679f7aeeecf677e339f0fd3f - 200","timestamp":"2025-02-05T11:11:32.150Z"}
{"level":"info","message":"GET /parts/read-parts-without-login - 200","timestamp":"2025-02-05T11:11:43.659Z"}
{"level":"info","message":"GET /parts/read-parts - 200","timestamp":"2025-02-05T11:11:47.216Z"}
