{"level":"info","message":"POST /auth/login - 200","timestamp":"2025-02-04T06:51:10.838Z"}
{"level":"info","message":"POST /auth/login - 200","timestamp":"2025-02-04T06:51:20.251Z"}
{"level":"info","message":"POST /auth/login - 200","timestamp":"2025-02-04T06:51:26.660Z"}
{"level":"info","message":"GET /priceing/read-priceing - 200","timestamp":"2025-02-04T09:41:34.750Z"}
{"level":"info","message":"POST /priceing/create-priceing - 200","timestamp":"2025-02-04T09:44:26.697Z"}
{"level":"info","message":"POST /priceing/create-priceing - 200","timestamp":"2025-02-04T09:45:08.414Z"}
{"level":"info","message":"POST /auth/login - 200","timestamp":"2025-02-04T09:45:16.352Z"}
{"level":"info","message":"POST /priceing/create-priceing - 200","timestamp":"2025-02-04T09:45:51.144Z"}
{"level":"info","message":"POST /priceing/create-priceing - 200","timestamp":"2025-02-04T09:45:54.746Z"}
{"level":"info","message":"POST /priceing/create-priceing - 200","timestamp":"2025-02-04T09:47:07.456Z"}
{"level":"info","message":"GET /priceing/read-priceing - 200","timestamp":"2025-02-04T09:47:52.812Z"}
{"level":"info","message":"GET /priceing/update-priceing/67a1e21b17a66730028b0e34 - 200","timestamp":"2025-02-04T09:49:29.349Z"}
{"level":"info","message":"PATCH /priceing/update-priceing/67a1e21b17a66730028b0e34 - 200","timestamp":"2025-02-04T09:49:39.943Z"}
{"level":"info","message":"PATCH /priceing/update-priceing/67a1e21b17a66730028b0e34 - 200","timestamp":"2025-02-04T09:49:47.637Z"}
{"level":"info","message":"PATCH /priceing/update-priceing/67a1e21b17a66730028b0e34 - 200","timestamp":"2025-02-04T09:49:59.908Z"}
{"level":"info","message":"DELETE /priceing/delete-priceing/67a1e21b17a66730028b0e34 - 200","timestamp":"2025-02-04T09:50:24.491Z"}
{"level":"info","message":"GET /priceing/read-priceing - 200","timestamp":"2025-02-04T09:50:30.978Z"}
{"level":"info","message":"DELETE /priceing/delete-priceing/67a1e21b17a66730028b0e34 - 200","timestamp":"2025-02-04T09:50:52.308Z"}
{"level":"info","message":"GET /priceing/read-priceing - 200","timestamp":"2025-02-04T09:50:55.946Z"}
{"level":"info","message":"GET /branch/read-branch - 200","timestamp":"2025-02-04T10:14:46.752Z"}
{"level":"info","message":"GET /branch/read-branch - 200","timestamp":"2025-02-04T10:14:52.757Z"}
{"level":"info","message":"GET /branch/read-branch/679de6e79f0854bed2b5729a - 200","timestamp":"2025-02-04T10:16:08.032Z"}
{"level":"info","message":"GET /branch/single-branch/679de6e79f0854bed2b5729a - 200","timestamp":"2025-02-04T10:16:17.363Z"}
{"level":"info","message":"GET /branch/single-branch/679de6e79f0854bed2b5729a - 200","timestamp":"2025-02-04T10:16:21.967Z"}
{"level":"info","message":"GET /branch/single-branch/679de6e79f0854bed2b5729a - 200","timestamp":"2025-02-04T10:16:33.163Z"}
{"level":"info","message":"GET /user/get-all-admin-acording-to-branch/679de6e79f0854bed2b5729a - 200","timestamp":"2025-02-04T10:16:55.570Z"}
{"level":"info","message":"GET /user/get-all-admin-acording-to-branch/679de6e79f0854bed2b5729a - 200","timestamp":"2025-02-04T10:17:05.401Z"}
{"level":"info","message":"GET /user/get-all-admin-acording-to-branch/679de6e79f0854bed2b5729a - 200","timestamp":"2025-02-04T10:17:34.899Z"}
{"level":"info","message":"GET /auth/get-all-admin-acording-to-branch/679de6e79f0854bed2b5729a - 200","timestamp":"2025-02-04T10:18:07.947Z"}
{"level":"info","message":"GET /auth/get-all-admin-acording-to-branch/679f5f70dfb98847af979461 - 200","timestamp":"2025-02-04T10:18:29.690Z"}
{"level":"info","message":"GET /auth/get-all-admin-acording-to-branch/679f5f63dfb98847af97945b - 200","timestamp":"2025-02-04T10:18:37.344Z"}
{"level":"info","message":"GET /auth/get-all-user-acording-to-branch/679f5f63dfb98847af97945b - 200","timestamp":"2025-02-04T10:35:25.679Z"}
{"level":"info","message":"GET /auth/get-all-user-acording-to-branch/679f5f63dfb98847af97945b - 200","timestamp":"2025-02-04T10:35:30.505Z"}
{"level":"info","message":"GET /auth/get-all-user-acording-to-branch/679f5f70dfb98847af979461 - 200","timestamp":"2025-02-04T10:35:50.975Z"}
{"level":"info","message":"GET /auth/get-all-user-acording-to-branch/679f5f63dfb98847af97945b - 200","timestamp":"2025-02-04T10:35:55.038Z"}
{"level":"info","message":"PATCH /auth/update - 200","timestamp":"2025-02-04T10:36:35.436Z"}
{"level":"info","message":"PATCH /auth/update - 200","timestamp":"2025-02-04T10:36:41.677Z"}
{"level":"info","message":"GET /auth/get-all-user-acording-to-branch/679f5f63dfb98847af97945b - 200","timestamp":"2025-02-04T10:38:42.497Z"}
{"level":"info","message":"GET /auth/get-single-user/679f5f63dfb98847af97945b - 200","timestamp":"2025-02-04T10:44:04.075Z"}
{"level":"info","message":"GET /auth/get-single-user/679f5f63dfb98847af97945b - 200","timestamp":"2025-02-04T10:44:10.101Z"}
{"level":"info","message":"GET /auth/get-single-user/679f653c3f73fab13e145e9f - 200","timestamp":"2025-02-04T10:44:50.957Z"}
{"level":"info","message":"GET /auth/get-single-user/67a091f8c96205464f137155 - 200","timestamp":"2025-02-04T10:45:14.926Z"}
{"level":"info","message":"GET /auth/get-single-user/67a091e0c96205464f137150 - 200","timestamp":"2025-02-04T10:45:29.561Z"}
{"level":"info","message":"GET /auth/get-single-user/679f653c3f73fab13e145e9f - 200","timestamp":"2025-02-04T10:45:39.745Z"}
{"level":"info","message":"GET /cabinetry/read-cabinetry - 200","timestamp":"2025-02-04T10:51:23.842Z"}
{"level":"info","message":"POST /cabinetry/create-cabinetry/67a0a1717765a74ec776cc78 - 200","timestamp":"2025-02-04T10:51:29.970Z"}
{"level":"info","message":"POST /cabinetry/create-cabinetry/67a0a1717765a74ec776cc78 - 200","timestamp":"2025-02-04T10:51:31.181Z"}
{"level":"info","message":"POST /cabinetry/create-cabinetry/67a0a1717765a74ec776cc78 - 200","timestamp":"2025-02-04T10:51:32.317Z"}
{"level":"info","message":"POST /cabinetry/create-cabinetry/67a0a1717765a74ec776cc78 - 200","timestamp":"2025-02-04T10:51:35.777Z"}
{"level":"info","message":"POST /cabinetry/create-cabinetry/67a0a1717765a74ec776cc78 - 200","timestamp":"2025-02-04T10:51:39.967Z"}
{"level":"info","message":"POST /cabinetry/create-cabinetry/67a0a1717765a74ec776cc78 - 200","timestamp":"2025-02-04T10:51:51.950Z"}
{"level":"info","message":"POST /cabinetry/create-cabinetry/67a0a1717765a74ec776cc78 - 200","timestamp":"2025-02-04T10:51:55.463Z"}
{"level":"info","message":"POST /cabinetry/create-cabinetry/67a0a1717765a74ec776cc78 - 200","timestamp":"2025-02-04T10:52:00.184Z"}
{"level":"info","message":"POST /cabinetry/create-cabinetry/67a0a1717765a74ec776cc78 - 200","timestamp":"2025-02-04T10:52:04.161Z"}
{"level":"info","message":"POST /cabinetry/create-cabinetry/67a0a1717765a74ec776cc78 - 200","timestamp":"2025-02-04T10:52:13.697Z"}
{"level":"info","message":"GET /cabinetry/read-cabinetry - 200","timestamp":"2025-02-04T10:53:02.418Z"}
{"level":"info","message":"GET /cabinetry/read-cabinetry - 200","timestamp":"2025-02-04T10:54:29.254Z"}
{"level":"info","message":"GET /cabinetry/read-cabinetry - 200","timestamp":"2025-02-04T10:59:44.061Z"}
{"level":"info","message":"POST /auth/login - 200","timestamp":"2025-02-04T11:00:10.023Z"}
{"level":"info","message":"POST /auth/login - 200","timestamp":"2025-02-04T11:00:17.773Z"}
{"level":"info","message":"POST /auth/login - 200","timestamp":"2025-02-04T11:00:52.531Z"}
{"level":"info","message":"POST /auth/login - 200","timestamp":"2025-02-04T11:01:40.083Z"}
{"level":"info","message":"GET /cabinetry/read-cabinetry - 200","timestamp":"2025-02-04T11:01:51.612Z"}
{"level":"info","message":"POST /auth/login - 200","timestamp":"2025-02-04T11:03:49.443Z"}
{"level":"info","message":"GET /cabinetry/read-cabinetry - 200","timestamp":"2025-02-04T11:03:55.112Z"}
{"level":"info","message":"GET /cabinetry/read-cabinetry - 200","timestamp":"2025-02-04T11:07:37.117Z"}
{"level":"info","message":"GET /category/read-category - 200","timestamp":"2025-02-04T11:08:29.005Z"}
{"level":"info","message":"POST /category/create-category - 200","timestamp":"2025-02-04T11:09:33.826Z"}
{"level":"info","message":"POST /category/create-category - 200","timestamp":"2025-02-04T11:11:45.330Z"}
{"level":"info","message":"GET /cabinetry/read-cabinetry - 200","timestamp":"2025-02-04T11:27:35.171Z"}
{"level":"info","message":"GET /category/read-category - 200","timestamp":"2025-02-04T11:28:20.661Z"}
{"level":"info","message":"GET /cabinetry/read-cabinetry - 200","timestamp":"2025-02-04T11:29:15.073Z"}
