{"level":"info","message":"POST /auth/register - 200","timestamp":"2025-02-02T09:10:13.320Z"}
{"level":"info","message":"POST /auth/register - 200","timestamp":"2025-02-02T09:10:22.935Z"}
{"level":"info","message":"POST /auth/register - 200","timestamp":"2025-02-02T09:11:00.973Z"}
{"level":"info","message":"POST /auth/register - 200","timestamp":"2025-02-02T09:15:36.244Z"}
{"level":"info","message":"POST /auth/register - 200","timestamp":"2025-02-02T09:16:21.148Z"}
{"level":"info","message":"POST /auth/register - 200","timestamp":"2025-02-02T09:20:50.068Z"}
{"level":"info","message":"POST /auth/register - 200","timestamp":"2025-02-02T09:22:03.519Z"}
{"level":"info","message":"POST /auth/register - 200","timestamp":"2025-02-02T09:26:26.339Z"}
{"level":"info","message":"POST /auth/register - 200","timestamp":"2025-02-02T09:27:10.246Z"}
{"level":"info","message":"POST /auth/register - 200","timestamp":"2025-02-02T09:27:19.111Z"}
{"level":"info","message":"POST /auth/register - 200","timestamp":"2025-02-02T09:27:43.647Z"}
{"level":"info","message":"POST /auth/register - 200","timestamp":"2025-02-02T09:31:58.645Z"}
{"level":"info","message":"POST /auth/register - 200","timestamp":"2025-02-02T09:32:13.075Z"}
{"level":"info","message":"POST /branch/create-branch - 200","timestamp":"2025-02-02T09:33:36.099Z"}
{"level":"info","message":"POST /branch/create-branch - 200","timestamp":"2025-02-02T09:33:49.085Z"}
{"level":"info","message":"POST /auth/register - 200","timestamp":"2025-02-02T09:41:27.344Z"}
{"level":"info","message":"POST /auth/register - 200","timestamp":"2025-02-02T09:44:35.953Z"}
{"level":"info","message":"POST /auth/register - 200","timestamp":"2025-02-02T09:48:51.905Z"}
{"level":"info","message":"POST /auth/register - 200","timestamp":"2025-02-02T09:49:08.603Z"}
{"level":"info","message":"GET /uploads/users/fb_img_1714669895195-1738489748608.jpg - 200","timestamp":"2025-02-02T09:52:15.232Z"}
{"level":"info","message":"PATCH /auth/update/ - 200","timestamp":"2025-02-02T10:25:10.558Z"}
{"level":"info","message":"GET /auth/get-all-user - 200","timestamp":"2025-02-02T10:26:04.900Z"}
{"level":"info","message":"POST /auth/register - 200","timestamp":"2025-02-02T10:27:20.973Z"}
{"level":"info","message":"POST /auth/register - 200","timestamp":"2025-02-02T10:27:28.185Z"}
{"level":"info","message":"POST /auth/make-admin - 200","timestamp":"2025-02-02T10:41:48.966Z"}
{"level":"info","message":"POST /auth/make-admin - 200","timestamp":"2025-02-02T10:42:14.565Z"}
{"level":"info","message":"POST /auth/make-admin - 200","timestamp":"2025-02-02T10:42:54.773Z"}
{"level":"info","message":"POST /auth/make-admin - 200","timestamp":"2025-02-02T10:43:01.749Z"}
{"level":"info","message":"POST /auth/make-admin - 200","timestamp":"2025-02-02T10:48:20.912Z"}
{"level":"info","message":"POST /auth/make-admin - 200","timestamp":"2025-02-02T10:48:37.471Z"}
{"level":"info","message":"POST /auth/make-admin - 200","timestamp":"2025-02-02T10:48:54.077Z"}
{"level":"info","message":"POST /auth/make-admin - 200","timestamp":"2025-02-02T10:49:14.402Z"}
{"level":"info","message":"POST /auth/make-admin - 200","timestamp":"2025-02-02T10:50:02.498Z"}
{"level":"info","message":"POST /auth/make-admin - 200","timestamp":"2025-02-02T10:50:22.717Z"}
{"level":"info","message":"POST /auth/make-admin - 200","timestamp":"2025-02-02T11:00:40.348Z"}
{"level":"info","message":"POST /auth/make-admin - 200","timestamp":"2025-02-02T11:00:59.457Z"}
{"level":"info","message":"POST /auth/make-admin - 200","timestamp":"2025-02-02T11:01:21.050Z"}
{"level":"info","message":"POST /auth/make-admin - 200","timestamp":"2025-02-02T11:04:35.670Z"}
{"level":"info","message":"POST /auth/make-admin - 200","timestamp":"2025-02-02T11:04:55.152Z"}
{"level":"info","message":"POST /branch/create-branch - 200","timestamp":"2025-02-02T12:04:00.563Z"}
{"level":"info","message":"POST /branch/create-branch - 200","timestamp":"2025-02-02T12:04:11.538Z"}
{"level":"info","message":"POST /branch/create-branch - 200","timestamp":"2025-02-02T12:04:17.781Z"}
{"level":"info","message":"POST /branch/create-branch - 200","timestamp":"2025-02-02T12:04:51.088Z"}
{"level":"info","message":"POST /branch/create-branch - 200","timestamp":"2025-02-02T12:04:57.304Z"}
{"level":"info","message":"POST /branch/create-branch - 200","timestamp":"2025-02-02T12:05:04.991Z"}
{"level":"info","message":"POST /auth/make-branch-admin/679f5f63dfb98847af97945b - 200","timestamp":"2025-02-02T12:25:32.732Z"}
{"level":"info","message":"POST /auth/make-branch-admin/679f5f63dfb98847af97945b - 200","timestamp":"2025-02-02T12:25:39.969Z"}
{"level":"info","message":"POST /auth/make-branch-admin/679f5f63dfb98847af97945b - 200","timestamp":"2025-02-02T12:27:28.956Z"}
{"level":"info","message":"POST /auth/register - 200","timestamp":"2025-02-02T12:28:11.697Z"}
{"level":"info","message":"POST /auth/make-branch-admin/679f5f63dfb98847af97945b - 200","timestamp":"2025-02-02T12:28:29.287Z"}
{"level":"info","message":"POST /auth/make-branch-admin/679f5f63dfb98847af97945b - 200","timestamp":"2025-02-02T12:29:24.382Z"}
{"level":"info","message":"POST /auth/register - 200","timestamp":"2025-02-02T12:29:48.127Z"}
{"level":"info","message":"POST /auth/make-branch-admin/679f5f63dfb98847af97945b - 200","timestamp":"2025-02-02T12:30:07.793Z"}
{"level":"info","message":"POST /auth/make-branch-admin/679f5f63dfb98847af97945b - 200","timestamp":"2025-02-02T12:30:18.824Z"}
{"level":"info","message":"POST /auth/login - 200","timestamp":"2025-02-02T12:32:52.931Z"}
{"level":"info","message":"POST /auth/make-branch-admin/679f5f63dfb98847af97945b - 200","timestamp":"2025-02-02T12:33:05.947Z"}
{"level":"info","message":"POST /auth/make-branch-admin/679f5f63dfb98847af97945b - 200","timestamp":"2025-02-02T12:33:54.877Z"}
{"level":"info","message":"POST /auth/make-branch&sub-admin/679f5f63dfb98847af97945b - 200","timestamp":"2025-02-02T12:48:15.048Z"}
{"level":"info","message":"POST /stock-item/create-title - 200","timestamp":"2025-02-02T13:58:24.232Z"}
{"level":"info","message":"POST /stock-item/create-title - 200","timestamp":"2025-02-02T13:58:40.768Z"}
{"level":"info","message":"POST /stock-item/create-title - 200","timestamp":"2025-02-02T13:58:57.746Z"}
{"level":"info","message":"POST /stock-item/create-title - 200","timestamp":"2025-02-02T13:59:26.443Z"}
{"level":"info","message":"POST /stock-item/create-title - 200","timestamp":"2025-02-02T13:59:31.102Z"}
{"level":"info","message":"POST /stock-item/create-title - 200","timestamp":"2025-02-02T14:01:18.077Z"}
{"level":"info","message":"POST /stock-item/create-title - 200","timestamp":"2025-02-02T14:01:57.744Z"}
{"level":"info","message":"POST /stock-item/create-title - 200","timestamp":"2025-02-02T14:02:22.052Z"}
{"level":"info","message":"POST /stock-item/create-title - 200","timestamp":"2025-02-02T14:02:46.008Z"}
{"level":"info","message":"POST /stock-item/create-title - 200","timestamp":"2025-02-02T14:05:23.064Z"}
{"level":"info","message":"POST /stock-item/create-title - 200","timestamp":"2025-02-02T14:06:41.155Z"}
{"level":"info","message":"POST /stock-item/create-title - 200","timestamp":"2025-02-02T14:09:13.896Z"}
{"level":"info","message":"GET /stock-item/read-title - 200","timestamp":"2025-02-02T14:10:20.983Z"}
{"level":"info","message":"GET /stock-item/read-title - 200","timestamp":"2025-02-02T14:11:05.595Z"}
{"level":"info","message":"GET /stock-item/read-title - 200","timestamp":"2025-02-02T14:11:38.667Z"}
{"level":"info","message":"GET /stock-item/read-title - 200","timestamp":"2025-02-02T14:12:01.178Z"}
{"level":"info","message":"POST /stock-item/create-title - 200","timestamp":"2025-02-02T14:12:05.182Z"}
{"level":"info","message":"POST /stock-item/create-title - 200","timestamp":"2025-02-02T14:12:15.545Z"}
{"level":"info","message":"GET /stock-item/read-title - 200","timestamp":"2025-02-02T14:17:59.521Z"}
{"level":"info","message":"PATCH /stock-item/update-title/679f7d3f9bacad2102bbaab1 - 200","timestamp":"2025-02-02T14:18:15.473Z"}
{"level":"info","message":"GET /stock-item/read-title - 200","timestamp":"2025-02-02T14:18:24.187Z"}
{"level":"info","message":"DELETE /stock-item/delete-title/679f7d3f9bacad2102bbaab1 - 200","timestamp":"2025-02-02T14:19:45.463Z"}
{"level":"info","message":"GET /stock-item/read-title - 200","timestamp":"2025-02-02T14:19:50.812Z"}
{"level":"info","message":"POST /parts/create-parts/679f7aeeecf677e339f0fd3f - 200","timestamp":"2025-02-02T15:10:04.885Z"}
{"level":"info","message":"POST /parts/create-parts/679f7aeeecf677e339f0fd3f - 200","timestamp":"2025-02-02T15:10:30.027Z"}
{"level":"info","message":"POST /parts/create-parts/679f7aeeecf677e339f0fd3f - 200","timestamp":"2025-02-02T15:11:44.217Z"}
{"level":"info","message":"POST /parts/create-parts/679f7aeeecf677e339f0fd3f - 200","timestamp":"2025-02-02T15:13:00.037Z"}
{"level":"info","message":"POST /parts/create-parts/679f7aeeecf677e339f0fd3f - 200","timestamp":"2025-02-02T15:13:51.877Z"}
{"level":"info","message":"POST /parts/create-parts/679f7aeeecf677e339f0fd3f - 200","timestamp":"2025-02-02T15:15:05.650Z"}
{"level":"info","message":"POST /parts/create-parts/679f7aeeecf677e339f0fd3f - 200","timestamp":"2025-02-02T15:16:28.040Z"}
{"level":"info","message":"PATCH /parts/update-parts/679f8c4c46ab3bc0688c4aef - 200","timestamp":"2025-02-02T15:21:26.603Z"}
{"level":"info","message":"PATCH /parts/update-parts/679f8c4c46ab3bc0688c4aef - 200","timestamp":"2025-02-02T15:21:37.502Z"}
{"level":"info","message":"GET /uploads/ticket/property-1=team--03-(1)-1738509697518.png - 200","timestamp":"2025-02-02T15:22:40.147Z"}
{"level":"info","message":"GET /favicon.ico - 200","timestamp":"2025-02-02T15:22:40.377Z"}
{"level":"info","message":"GET /uploads/ticket/fb_img_1714669895195-1738509388055.jpg - 200","timestamp":"2025-02-02T15:23:02.906Z"}
{"level":"info","message":"POST /parts/create-parts/679f7aeeecf677e339f0fd3f - 200","timestamp":"2025-02-02T15:24:56.350Z"}
{"level":"info","message":"POST /parts/create-parts/679f7aeeecf677e339f0fd3f - 200","timestamp":"2025-02-02T15:25:15.562Z"}
{"level":"info","message":"POST /parts/create-parts/679f7aeeecf677e339f0fd3f - 200","timestamp":"2025-02-02T15:25:46.561Z"}
{"level":"info","message":"POST /parts/create-parts/679f7aeeecf677e339f0fd3f - 200","timestamp":"2025-02-02T15:28:59.995Z"}
{"level":"info","message":"GET /uploads/parts/frame-2147260072-(2)-1738510139998.png - 200","timestamp":"2025-02-02T15:29:19.442Z"}
{"level":"info","message":"GET /uploads/parts/read-parts - 200","timestamp":"2025-02-02T15:33:21.865Z"}
{"level":"info","message":"GET /parts/read-parts - 200","timestamp":"2025-02-02T15:33:35.128Z"}
{"level":"info","message":"GET /parts/read-parts - 200","timestamp":"2025-02-02T15:33:41.308Z"}
{"level":"info","message":"GET /parts/read-parts - 200","timestamp":"2025-02-02T15:33:50.293Z"}
{"level":"info","message":"DELETE /parts/delete-parts/679f8c4c46ab3bc0688c4aef - 200","timestamp":"2025-02-02T15:35:03.332Z"}
{"level":"info","message":"DELETE /parts/delete-parts/679f8c4c46ab3bc0688c4aef - 200","timestamp":"2025-02-02T15:35:11.937Z"}
{"level":"info","message":"DELETE /parts/delete-parts/679f8c4c46ab3bc0688c4aef - 200","timestamp":"2025-02-02T15:35:32.752Z"}
{"level":"info","message":"GET /parts/read-parts - 200","timestamp":"2025-02-02T15:35:46.297Z"}
