{"level":"info","message":"GET /parts/search-parts?m - 200","timestamp":"2025-02-06T15:13:01.596Z"}
{"level":"info","message":"GET /parts/search-parts?mo - 200","timestamp":"2025-02-06T15:13:11.006Z"}
{"level":"info","message":"GET /parts/search-parts?mo - 200","timestamp":"2025-02-06T15:14:21.596Z"}
{"level":"info","message":"GET /parts/search-parts?mo - 200","timestamp":"2025-02-06T15:14:39.952Z"}
{"level":"info","message":"GET /parts/search-parts?mo - 200","timestamp":"2025-02-06T15:15:19.191Z"}
{"level":"info","message":"GET /parts/search-parts?mo - 200","timestamp":"2025-02-06T15:16:28.466Z"}
{"level":"info","message":"GET /parts/search-parts?m - 200","timestamp":"2025-02-06T15:19:47.506Z"}
{"level":"info","message":"GET /parts/search-parts?mor - 200","timestamp":"2025-02-06T15:20:48.146Z"}
{"level":"info","message":"GET /parts/search-parts?mor=bkmk - 200","timestamp":"2025-02-06T15:21:25.275Z"}
{"level":"info","message":"GET /parts/search-parts?title=bkmk - 200","timestamp":"2025-02-06T15:21:46.669Z"}
{"level":"info","message":"GET /parts/search-parts?title=bkmk - 200","timestamp":"2025-02-06T15:23:13.846Z"}
{"level":"info","message":"GET /parts/search-parts?title=bkmk - 200","timestamp":"2025-02-06T15:25:37.215Z"}
{"level":"info","message":"GET /parts/search-parts?title=mor - 200","timestamp":"2025-02-06T15:25:45.123Z"}
{"level":"info","message":"GET /parts/search-parts?title=mor - 200","timestamp":"2025-02-06T15:26:03.916Z"}
{"level":"info","message":"GET /parts/search-parts?title=mor - 200","timestamp":"2025-02-06T15:26:46.469Z"}
{"level":"info","message":"GET /parts/search-parts?title=mor - 200","timestamp":"2025-02-06T15:33:58.718Z"}
{"level":"info","message":"GET /parts/search-parts?title=mor - 200","timestamp":"2025-02-06T15:38:15.819Z"}
{"level":"info","message":"GET /parts/search-parts?title=Modern%20Kitchen%20Cabinet - 200","timestamp":"2025-02-06T15:39:00.555Z"}
{"level":"info","message":"GET /parts/search-parts?title=Modern%20Kitchen%20Cabinet - 200","timestamp":"2025-02-06T15:39:10.297Z"}
{"level":"info","message":"GET /parts/search-parts?title=Modern - 200","timestamp":"2025-02-06T15:39:15.746Z"}
{"level":"info","message":"GET /parts/search-parts?title=Mod - 200","timestamp":"2025-02-06T15:39:18.309Z"}
{"level":"info","message":"GET /parts/search-parts?title=M - 200","timestamp":"2025-02-06T15:39:20.076Z"}
{"level":"info","message":"GET /parts/search-parts?title=df - 200","timestamp":"2025-02-06T15:39:23.245Z"}
{"level":"info","message":"GET /parts/search-parts?title=sa - 200","timestamp":"2025-02-06T15:39:46.436Z"}
{"level":"info","message":"GET /parts/search-parts?title=s - 200","timestamp":"2025-02-06T15:39:48.778Z"}
{"level":"info","message":"GET /parts/search-parts?title=m - 200","timestamp":"2025-02-06T15:40:01.252Z"}
{"level":"info","message":"GET /parts/search-parts?title=o - 200","timestamp":"2025-02-06T15:40:03.503Z"}
{"level":"info","message":"GET /parts/search-parts?title=sa - 200","timestamp":"2025-02-06T15:40:08.758Z"}
{"level":"info","message":"GET /parts/search-parts?title=n - 200","timestamp":"2025-02-06T15:40:11.482Z"}
{"level":"info","message":"GET /parts/search-parts?title=t - 200","timestamp":"2025-02-06T15:40:14.238Z"}
{"level":"info","message":"GET /parts/search-parts?title=s - 200","timestamp":"2025-02-06T15:40:34.926Z"}
{"level":"info","message":"GET /parts/search-parts?title=a - 200","timestamp":"2025-02-06T15:40:37.641Z"}
{"level":"info","message":"GET /parts/search-parts?title=a - 200","timestamp":"2025-02-06T15:40:40.032Z"}
{"level":"info","message":"GET / - 200","timestamp":"2025-02-06T16:34:37.112Z"}
{"level":"info","message":"GET /favicon.ico - 200","timestamp":"2025-02-06T16:34:37.283Z"}
{"level":"info","message":"GET /parts/search-parts?title=a - 200","timestamp":"2025-02-06T16:35:08.635Z"}
