{"level":"info","message":"POST /auth/login - 200","timestamp":"2025-02-03T09:51:19.694Z"}
{"level":"info","message":"POST /auth/make-branch&sub-admin/679f5f63dfb98847af97945b - 200","timestamp":"2025-02-03T09:52:32.522Z"}
{"level":"info","message":"POST /auth/make-branch&sub-admin/679f5f63dfb98847af97945b - 200","timestamp":"2025-02-03T09:52:56.753Z"}
{"level":"info","message":"POST /auth/login - 200","timestamp":"2025-02-03T09:57:17.593Z"}
{"level":"info","message":"POST /auth/login - 200","timestamp":"2025-02-03T09:58:49.818Z"}
{"level":"info","message":"POST /category/create-category - 200","timestamp":"2025-02-03T10:26:28.160Z"}
{"level":"info","message":"POST /category/create-category - 200","timestamp":"2025-02-03T10:26:45.850Z"}
{"level":"info","message":"POST /category/create-category - 200","timestamp":"2025-02-03T10:27:13.498Z"}
{"level":"info","message":"POST /category/create-category - 200","timestamp":"2025-02-03T10:27:41.590Z"}
{"level":"info","message":"POST /category/create-category - 200","timestamp":"2025-02-03T10:28:01.259Z"}
{"level":"info","message":"POST /category/create-category - 200","timestamp":"2025-02-03T10:28:56.163Z"}
{"level":"info","message":"POST /category/create-category - 200","timestamp":"2025-02-03T10:29:51.352Z"}
{"level":"info","message":"POST /category/create-category - 200","timestamp":"2025-02-03T10:30:08.828Z"}
{"level":"info","message":"POST /category/create-category - 200","timestamp":"2025-02-03T10:30:24.293Z"}
{"level":"info","message":"POST /category/create-category - 200","timestamp":"2025-02-03T10:33:40.251Z"}
{"level":"info","message":"GET /category/read-category - 200","timestamp":"2025-02-03T10:58:11.663Z"}
{"level":"info","message":"POST /category/create-category - 200","timestamp":"2025-02-03T10:58:19.661Z"}
{"level":"info","message":"GET /category/read-category - 200","timestamp":"2025-02-03T10:58:23.900Z"}
{"level":"info","message":"GET /category/read-category - 200","timestamp":"2025-02-03T10:58:43.014Z"}
{"level":"info","message":"POST /category/create-category - 200","timestamp":"2025-02-03T10:58:45.998Z"}
{"level":"info","message":"GET /category/read-category - 200","timestamp":"2025-02-03T10:58:49.998Z"}
{"level":"info","message":"GET /category/read-category - 200","timestamp":"2025-02-03T10:58:54.714Z"}
{"level":"info","message":"POST /category/create-category - 200","timestamp":"2025-02-03T10:58:57.550Z"}
{"level":"info","message":"GET /category/read-category - 200","timestamp":"2025-02-03T10:59:44.141Z"}
{"level":"info","message":"DELETE /category/delete-category/67a09b84ee08a9e71f2ba218 - 200","timestamp":"2025-02-03T11:01:34.479Z"}
{"level":"info","message":"DELETE /category/delete-category/67a09b84ee08a9e71f2ba218 - 200","timestamp":"2025-02-03T11:01:41.491Z"}
{"level":"info","message":"GET /category/read-category - 200","timestamp":"2025-02-03T11:01:45.268Z"}
{"level":"info","message":"DELETE /category/delete-category/67a0a1667765a74ec776cc70 - 200","timestamp":"2025-02-03T11:03:04.027Z"}
{"level":"info","message":"GET /category/read-category - 200","timestamp":"2025-02-03T11:03:07.469Z"}
{"level":"info","message":"DELETE /category/delete-category/67a0a14b0474a776d9db4a75 - 200","timestamp":"2025-02-03T11:03:16.159Z"}
{"level":"info","message":"GET /category/read-category - 200","timestamp":"2025-02-03T11:03:18.509Z"}
{"level":"info","message":"PATCH /category/update-category/67a0a1717765a74ec776cc78 - 200","timestamp":"2025-02-03T11:04:28.767Z"}
{"level":"info","message":"PATCH /category/update-category/67a0a1717765a74ec776cc78 - 200","timestamp":"2025-02-03T11:04:34.829Z"}
{"level":"info","message":"GET /category/read-category - 200","timestamp":"2025-02-03T11:04:37.840Z"}
{"level":"info","message":"POST /cabinetry/create-cabinetry - 200","timestamp":"2025-02-03T11:35:51.115Z"}
{"level":"info","message":"POST /cabinetry/create-cabinetry/67a0a1717765a74ec776cc78 - 200","timestamp":"2025-02-03T11:37:12.379Z"}
{"level":"info","message":"POST /cabinetry/create-cabinetry/67a0a1717765a74ec776cc78 - 200","timestamp":"2025-02-03T11:37:38.842Z"}
{"level":"info","message":"POST /cabinetry/create-cabinetry/67a0a1717765a74ec776cc78 - 200","timestamp":"2025-02-03T11:44:24.335Z"}
{"level":"info","message":"POST /cabinetry/create-cabinetry/67a0a1717765a74ec776cc78 - 200","timestamp":"2025-02-03T11:48:56.715Z"}
{"level":"info","message":"POST /cabinetry/create-cabinetry/67a0a1717765a74ec776cc78 - 200","timestamp":"2025-02-03T11:49:02.029Z"}
{"level":"info","message":"POST /cabinetry/create-cabinetry/67a0a1717765a74ec776cc78 - 200","timestamp":"2025-02-03T11:49:41.905Z"}
{"level":"info","message":"GET /uploads/cabinetry/fb_img_1714669895195-1738583381920.jpg - 200","timestamp":"2025-02-03T11:50:06.964Z"}
