{"level":"info","message":"POST /order/create-order - 200","timestamp":"2025-02-08T13:34:10.348Z"}
{"level":"info","message":"POST /order/create-order - 200","timestamp":"2025-02-08T13:35:08.772Z"}
{"level":"info","message":"POST /order/create-order - 200","timestamp":"2025-02-08T13:36:02.158Z"}
{"level":"info","message":"POST /order/create-order - 200","timestamp":"2025-02-08T13:36:18.970Z"}
{"level":"info","message":"POST /order/create-order - 200","timestamp":"2025-02-08T13:37:54.741Z"}
{"level":"info","message":"POST /order/create-order - 200","timestamp":"2025-02-08T13:38:23.951Z"}
{"level":"info","message":"POST /order/create-order - 200","timestamp":"2025-02-08T13:39:36.518Z"}
{"level":"info","message":"POST /order/create-order - 200","timestamp":"2025-02-08T13:39:43.860Z"}
{"level":"info","message":"POST /order/create-order - 200","timestamp":"2025-02-08T13:44:06.866Z"}
{"level":"info","message":"POST /order/create-order - 200","timestamp":"2025-02-08T13:51:17.547Z"}
{"level":"info","message":"POST /order/create-order - 200","timestamp":"2025-02-08T13:52:02.947Z"}
{"level":"info","message":"POST /order/create-order - 200","timestamp":"2025-02-08T13:56:34.199Z"}
{"level":"info","message":"POST /order/create-order - 200","timestamp":"2025-02-08T13:56:43.841Z"}
{"level":"info","message":"POST /order/create-order - 200","timestamp":"2025-02-08T13:56:59.206Z"}
{"level":"info","message":"POST /order/create-order - 200","timestamp":"2025-02-08T13:57:17.683Z"}
{"level":"info","message":"POST /order/create-order - 200","timestamp":"2025-02-08T13:57:38.623Z"}
{"level":"info","message":"POST /order/create-order - 200","timestamp":"2025-02-08T13:58:12.004Z"}
{"level":"info","message":"POST /branch/create-branch - 200","timestamp":"2025-02-08T14:01:45.421Z"}
{"level":"info","message":"POST /branch/create-branch - 200","timestamp":"2025-02-08T14:01:50.273Z"}
{"level":"info","message":"POST /order/create-order - 200","timestamp":"2025-02-08T14:01:57.581Z"}
{"level":"info","message":"POST /order/create-order - 200","timestamp":"2025-02-08T14:04:12.049Z"}
{"level":"info","message":"GET /order/read-order - 200","timestamp":"2025-02-08T14:37:04.281Z"}
{"level":"info","message":"DELETE /order/delete-order/67a75e32807fcaa657c559c6 - 200","timestamp":"2025-02-08T14:37:49.366Z"}
{"level":"info","message":"DELETE /order/delete-order/67a75e32807fcaa657c559c6 - 200","timestamp":"2025-02-08T14:37:54.511Z"}
{"level":"info","message":"GET /order/read-order/67a75e32807fcaa657c559c6 - 200","timestamp":"2025-02-08T14:43:21.859Z"}
{"level":"info","message":"GET /order/read-order/67a75e32807fcaa657c559c6 - 200","timestamp":"2025-02-08T14:43:26.502Z"}
{"level":"info","message":"GET /order/read-order/67a75e32807fcaa657c559c6 - 200","timestamp":"2025-02-08T14:43:41.491Z"}
{"level":"info","message":"GET /order/read-order/67a75e4fe0e1ea4695be49bd - 200","timestamp":"2025-02-08T14:44:00.749Z"}
